<?xml version="1.0" encoding="UTF-8"?>
<!-- Generated by org.testng.reporters.JUnitXMLReporter -->
<testsuite ignored="0" hostname="LAPTOP-6OL8B37Q" failures="0" tests="4" name="Default test" time="19.274" errors="0" timestamp="2021-11-19T07:06:43 IST">
  <testcase classname="com.qa.opencart.test.LoginPageTest" name="loginPageTitleTest" time="0.013"/>
  <testcase classname="com.qa.opencart.test.LoginPageTest" name="forgottentPwdLinkTest" time="0.078"/>
  <testcase classname="com.qa.opencart.test.LoginPageTest" name="loginLinkTest" time="0.043"/>
  <testcase classname="com.qa.opencart.test.LoginPageTest" name="LoginAppTest" time="1.616"/>
</testsuite> <!-- Default test -->
