<?xml version="1.0" encoding="UTF-8"?>
<testng-results ignored="0" total="4" passed="4" failed="0" skipped="0">
  <reporter-output>
  </reporter-output>
  <suite started-at="2021-11-19T07:06:24 IST" name="Default suite" finished-at="2021-11-19T07:06:43 IST" duration-ms="19274">
    <groups>
    </groups>
    <test started-at="2021-11-19T07:06:24 IST" name="Default test" finished-at="2021-11-19T07:06:43 IST" duration-ms="19274">
      <class name="com.qa.opencart.test.LoginPageTest">
        <test-method is-config="true" signature="setUp()[pri:0, instance:com.qa.opencart.test.LoginPageTest@2fd1433e]" started-at="2021-11-19T07:06:24 IST" name="setUp" finished-at="2021-11-19T07:06:41 IST" duration-ms="17247" status="PASS">
          <reporter-output>
          </reporter-output>
        </test-method> <!-- setUp -->
        <test-method signature="loginPageTitleTest()[pri:1, instance:com.qa.opencart.test.LoginPageTest@2fd1433e]" started-at="2021-11-19T07:06:41 IST" name="loginPageTitleTest" finished-at="2021-11-19T07:06:41 IST" duration-ms="13" status="PASS">
          <reporter-output>
          </reporter-output>
        </test-method> <!-- loginPageTitleTest -->
        <test-method signature="forgottentPwdLinkTest()[pri:2, instance:com.qa.opencart.test.LoginPageTest@2fd1433e]" started-at="2021-11-19T07:06:41 IST" name="forgottentPwdLinkTest" finished-at="2021-11-19T07:06:41 IST" duration-ms="78" status="PASS">
          <reporter-output>
          </reporter-output>
        </test-method> <!-- forgottentPwdLinkTest -->
        <test-method signature="loginLinkTest()[pri:3, instance:com.qa.opencart.test.LoginPageTest@2fd1433e]" started-at="2021-11-19T07:06:41 IST" name="loginLinkTest" finished-at="2021-11-19T07:06:41 IST" duration-ms="43" status="PASS">
          <reporter-output>
          </reporter-output>
        </test-method> <!-- loginLinkTest -->
        <test-method signature="LoginAppTest()[pri:4, instance:com.qa.opencart.test.LoginPageTest@2fd1433e]" started-at="2021-11-19T07:06:41 IST" name="LoginAppTest" finished-at="2021-11-19T07:06:43 IST" duration-ms="1616" status="PASS">
          <reporter-output>
          </reporter-output>
        </test-method> <!-- LoginAppTest -->
        <test-method is-config="true" signature="tearDown()[pri:0, instance:com.qa.opencart.test.LoginPageTest@2fd1433e]" started-at="2021-11-19T07:06:43 IST" name="tearDown" finished-at="2021-11-19T07:06:43 IST" duration-ms="240" status="PASS">
          <reporter-output>
          </reporter-output>
        </test-method> <!-- tearDown -->
      </class> <!-- com.qa.opencart.test.LoginPageTest -->
    </test> <!-- Default test -->
  </suite> <!-- Default suite -->
</testng-results>
